


ARM Macro Assembler    Page 1 


    1 00000000                 AREA             DATA1,DATA,READONLY
    2 00000000 11111111 
              22222222 NUM1    DCD              0x11111111,0x22222222
    3 00000008 22222222 
              33333333 NUM2    DCD              0x22222222,0x33333333
    4 00000010         
    5 00000010                 AREA             DATA2, DATA, READWRITE
    6 00000000 00000000 
                       RESULT  DCD              0
    7 00000004         
    8 00000004                 AREA             Program, CODE, READONLY
    9 00000000         ENTRY
   10 00000000         
   11 00000000         export__main
   12 00000000         export__use_two_region_memory
   13 00000000         __use_two_region_memory
   14 00000000         __main
   15 00000000         
   16 00000000 E59F0040        LDR              R0,=NUM1    ;load the first num
                                                             address
   17 00000004 E2800004        ADD              R0,#04      ;point to least sig
                                                            nificant
   18 00000008 E59F103C        LDR              R1,=NUM2    ;load the second nu
                                                            m address
   19 0000000C E2811004        ADD              R1,#4
   20 00000010 E59F2038        LDR              R2,=RESULT
   21 00000014 E2822004        ADD              R2,#4       ;point to least sig
                                                            nificant
   22 00000018         
   23 00000018 E5903000        LDR              R3,[R0]     ;load first least s
                                                            ignificant num
   24 0000001C E5914000        LDR              R4,[R1]     ;load second least 
                                                            significant num
   25 00000020 E0833004        ADD              R3,R4       ;add least signific
                                                            ants
   26 00000024 E5823000        STR              R3,[R2]     ;store first least 
                                                            significant num
   27 00000028 E2400004        SUB              R0,#4
   28 0000002C E2411004        SUB              R1,#4
   29 00000030 E2422004        SUB              R2,#4
   30 00000034         
   31 00000034 E5905000        LDR              R5,[R0]     ;load first most si
                                                            gnificant num
   32 00000038 E5916000        LDR              R6,[R1]
   33 0000003C E0955006        ADDS             R5,R6
   34 00000040 E5825000        STR              R5,[R2]
   35 00000044         
   36 00000044 EAFFFFFE 
                       STOP    B                STOP
   37 00000048         
   38 00000048                 END
              00000000 
              00000000 
              00000000 
Command Line: --debug --xref --device=DARMP --apcs=interwork -oADD.o -IC:\Keil\
ARM\INC\Philips --predefine="__EVAL SETA 1" --list=ADD.lst ADD.ASM



ARM Macro Assembler    Page 1 Alphabetic symbol ordering
Relocatable symbols

DATA1 00000000

Symbol: DATA1
   Definitions
      At line 1 in file ADD.ASM
   Uses
      None
Comment: DATA1 unused
NUM1 00000000

Symbol: NUM1
   Definitions
      At line 2 in file ADD.ASM
   Uses
      At line 16 in file ADD.ASM
Comment: NUM1 used once
NUM2 00000008

Symbol: NUM2
   Definitions
      At line 3 in file ADD.ASM
   Uses
      At line 18 in file ADD.ASM
Comment: NUM2 used once
3 symbols



ARM Macro Assembler    Page 1 Alphabetic symbol ordering
Relocatable symbols

DATA2 00000000

Symbol: DATA2
   Definitions
      At line 5 in file ADD.ASM
   Uses
      None
Comment: DATA2 unused
RESULT 00000000

Symbol: RESULT
   Definitions
      At line 6 in file ADD.ASM
   Uses
      At line 20 in file ADD.ASM
Comment: RESULT used once
2 symbols



ARM Macro Assembler    Page 1 Alphabetic symbol ordering
Relocatable symbols

ENTRY 00000000

Symbol: ENTRY
   Definitions
      At line 9 in file ADD.ASM
   Uses
      None
Comment: ENTRY unused
Program 00000000

Symbol: Program
   Definitions
      At line 8 in file ADD.ASM
   Uses
      None
Comment: Program unused
STOP 00000044

Symbol: STOP
   Definitions
      At line 36 in file ADD.ASM
   Uses
      At line 36 in file ADD.ASM
Comment: STOP used once
__main 00000000

Symbol: __main
   Definitions
      At line 14 in file ADD.ASM
   Uses
      None
Comment: __main unused
__use_two_region_memory 00000000

Symbol: __use_two_region_memory
   Definitions
      At line 13 in file ADD.ASM
   Uses
      None
Comment: __use_two_region_memory unused
export__main 00000000

Symbol: export__main
   Definitions
      At line 11 in file ADD.ASM
   Uses
      None
Comment: export__main unused
export__use_two_region_memory 00000000

Symbol: export__use_two_region_memory
   Definitions
      At line 12 in file ADD.ASM
   Uses
      None
Comment: export__use_two_region_memory unused
7 symbols
334 symbols in table
